<?xml version="1.0" encoding="UTF-8"?>
<!-- Generated by org.testng.reporters.JUnitReportReporter -->
<testsuite hostname="DESKTOP-HGIB5J6" failures="0" tests="1" name="lpack.VerifyPosters" time="21.006" errors="0" timestamp="2024-08-07T17:25:13 IST" skipped="0">
  <testcase classname="lpack.VerifyPosters" name="f" time="21.006"/>
</testsuite> <!-- lpack.VerifyPosters -->
