<?xml version="1.0" encoding="UTF-8"?>
<!-- Generated by org.testng.reporters.JUnitReportReporter -->
<testsuite hostname="DESKTOP-HGIB5J6" failures="0" tests="1" name="lpack.Homepage" time="8.318" errors="0" timestamp="2024-08-06T16:25:52 IST" skipped="0">
  <testcase classname="lpack.Homepage" name="verifyHomePageLoadsCorrectly" time="8.318"/>
</testsuite> <!-- lpack.Homepage -->
