<?xml version="1.0" encoding="UTF-8"?>
<!-- Generated by org.testng.reporters.JUnitReportReporter -->
<testsuite hostname="DESKTOP-HGIB5J6" failures="0" tests="1" name="lpack.dumclass" time="6.988" errors="0" timestamp="2024-08-07T17:42:36 IST" skipped="0">
  <testcase classname="lpack.dumclass" name="f" time="6.988"/>
</testsuite> <!-- lpack.dumclass -->
