<?xml version="1.0" encoding="UTF-8"?>
<!-- Generated by org.testng.reporters.JUnitReportReporter -->
<testsuite hostname="DESKTOP-HGIB5J6" failures="0" tests="1" name="lpack.Login" time="8.469" errors="0" timestamp="2024-08-05T12:13:31 IST" skipped="0">
  <testcase classname="lpack.Login" name="f" time="8.469"/>
</testsuite> <!-- lpack.Login -->
