<?xml version="1.0" encoding="UTF-8"?>
<!-- Generated by org.testng.reporters.JUnitReportReporter -->
<testsuite hostname="DESKTOP-HGIB5J6" failures="0" tests="1" name="lpack.VerifyForgotPassword" time="13.111" errors="0" timestamp="2024-08-07T17:08:47 IST" skipped="0">
  <testcase classname="lpack.VerifyForgotPassword" name="f" time="13.111"/>
</testsuite> <!-- lpack.VerifyForgotPassword -->
