<?xml version="1.0" encoding="UTF-8"?>
<!-- Generated by org.testng.reporters.JUnitReportReporter -->
<testsuite hostname="DESKTOP-HGIB5J6" failures="0" tests="1" name="lpack.PostersVerify" time="6.497" errors="0" timestamp="2024-08-06T15:31:13 IST" skipped="0">
  <testcase classname="lpack.PostersVerify" name="f" time="6.497"/>
</testsuite> <!-- lpack.PostersVerify -->
