<?xml version="1.0" encoding="UTF-8"?>
<!-- Generated by org.testng.reporters.JUnitReportReporter -->
<testsuite hostname="DESKTOP-HGIB5J6" failures="0" tests="1" name="lpack.ProductPage" time="0.009" errors="0" timestamp="2024-08-07T21:47:24 IST" skipped="0">
  <testcase classname="lpack.ProductPage" name="P" time="0.009"/>
</testsuite> <!-- lpack.ProductPage -->
