<?xml version="1.0" encoding="UTF-8"?>
<!-- Generated by org.testng.reporters.JUnitReportReporter -->
<testsuite hostname="DESKTOP-HGIB5J6" failures="0" tests="1" name="lpack.Category" time="9.899" errors="0" timestamp="2024-08-06T12:31:22 IST" skipped="0">
  <testcase classname="lpack.Category" name="c" time="9.899"/>
</testsuite> <!-- lpack.Category -->
