<?xml version="1.0" encoding="UTF-8"?>
<!-- Generated by org.testng.reporters.JUnitReportReporter -->
<testsuite hostname="DESKTOP-HGIB5J6" failures="0" tests="1" name="lpack.Category1" time="6.205" errors="0" timestamp="2024-08-06T15:19:28 IST" skipped="0">
  <testcase classname="lpack.Category1" name="verifyProductCategoriesAccessible" time="6.205"/>
</testsuite> <!-- lpack.Category1 -->
