<?xml version="1.0" encoding="UTF-8"?>
<!-- Generated by org.testng.reporters.JUnitReportReporter -->
<testsuite hostname="DESKTOP-HGIB5J6" failures="0" tests="1" name="lpack.VerifyPosters3" time="8.147" errors="0" timestamp="2024-08-07T17:36:57 IST" skipped="0">
  <testcase classname="lpack.VerifyPosters3" name="f" time="8.147"/>
</testsuite> <!-- lpack.VerifyPosters3 -->
