<?xml version="1.0" encoding="UTF-8"?>
<!-- Generated by org.testng.reporters.JUnitReportReporter -->
<testsuite hostname="DESKTOP-HGIB5J6" failures="0" tests="1" name="lpack.VerifyPosters2" time="7.486" errors="0" timestamp="2024-08-07T17:32:38 IST" skipped="0">
  <testcase classname="lpack.VerifyPosters2" name="f" time="7.486"/>
</testsuite> <!-- lpack.VerifyPosters2 -->
