<?xml version="1.0" encoding="UTF-8"?>
<!-- Generated by org.testng.reporters.JUnitReportReporter -->
<testsuite hostname="DESKTOP-HGIB5J6" failures="0" tests="1" name="lpack.CompareProductRemove" time="16.214" errors="0" timestamp="2024-08-07T17:55:16 IST" skipped="0">
  <testcase classname="lpack.CompareProductRemove" name="verifyHomePageLoadsCorrectly" time="16.214"/>
</testsuite> <!-- lpack.CompareProductRemove -->
