<?xml version="1.0" encoding="UTF-8"?>
<!-- Generated by org.testng.reporters.JUnitReportReporter -->
<testsuite hostname="DESKTOP-HGIB5J6" failures="0" tests="1" name="lpack.VerifyHori" time="10.636" errors="0" timestamp="2024-08-07T17:10:42 IST" skipped="0">
  <testcase classname="lpack.VerifyHori" name="verifyHomePageLoadsCorrectly" time="10.636"/>
</testsuite> <!-- lpack.VerifyHori -->
