<?xml version="1.0" encoding="UTF-8"?>
<!-- Generated by org.testng.reporters.JUnitReportReporter -->
<testsuite hostname="DESKTOP-HGIB5J6" failures="0" tests="1" name="lpack.Homepageload" time="9.034" errors="0" timestamp="2024-08-05T17:47:37 IST" skipped="0">
  <testcase classname="lpack.Homepageload" name="homepage" time="9.034"/>
</testsuite> <!-- lpack.Homepageload -->
