<?xml version="1.0" encoding="UTF-8"?>
<!-- Generated by org.testng.reporters.JUnitReportReporter -->
<testsuite hostname="DESKTOP-HGIB5J6" failures="0" tests="1" name="lpack.AddToCart" time="14.438" errors="0" timestamp="2024-08-05T17:04:15 IST" skipped="0">
  <testcase classname="lpack.AddToCart" name="A" time="14.438"/>
</testsuite> <!-- lpack.AddToCart -->
