<?xml version="1.0" encoding="UTF-8"?>
<!-- Generated by org.testng.reporters.JUnitReportReporter -->
<testsuite hostname="DESKTOP-HGIB5J6" failures="0" tests="1" name="lpack.ForgotPassword" time="12.765" errors="0" timestamp="2024-08-05T14:55:56 IST" skipped="0">
  <testcase classname="lpack.ForgotPassword" name="f" time="12.765"/>
</testsuite> <!-- lpack.ForgotPassword -->
