<?xml version="1.0" encoding="UTF-8"?>
<!-- Generated by org.testng.reporters.JUnitReportReporter -->
<testsuite hostname="DESKTOP-HGIB5J6" failures="0" tests="1" name="lpack.SearchFunctionality" time="7.481" errors="0" timestamp="2024-08-07T18:00:35 IST" skipped="0">
  <testcase classname="lpack.SearchFunctionality" name="verifySearchFunctionality" time="7.481"/>
</testsuite> <!-- lpack.SearchFunctionality -->
