<?xml version="1.0" encoding="UTF-8"?>
<!-- Generated by org.testng.reporters.JUnitReportReporter -->
<testsuite hostname="DESKTOP-HGIB5J6" failures="0" tests="1" name="lpack.CompareProduct" time="15.440" errors="0" timestamp="2024-08-06T16:28:34 IST" skipped="0">
  <testcase classname="lpack.CompareProduct" name="verifyHomePageLoadsCorrectly" time="15.440"/>
</testsuite> <!-- lpack.CompareProduct -->
