<?xml version="1.0" encoding="UTF-8"?>
<!-- Generated by org.testng.reporters.JUnitReportReporter -->
<testsuite hostname="DESKTOP-HGIB5J6" failures="0" tests="1" name="lpack.SortPrice" time="7.822" errors="0" timestamp="2024-08-06T15:32:01 IST" skipped="0">
  <testcase classname="lpack.SortPrice" name="verifyHomePageLoadsCorrectly" time="7.822"/>
</testsuite> <!-- lpack.SortPrice -->
