<?xml version="1.0" encoding="UTF-8"?>
<!-- Generated by org.testng.reporters.JUnitReportReporter -->
<testsuite hostname="DESKTOP-HGIB5J6" failures="0" tests="1" name="lpack.ProductAdding" time="12.976" errors="0" timestamp="2024-08-06T15:28:11 IST" skipped="0">
  <testcase classname="lpack.ProductAdding" name="verifyHomePageLoadsCorrectly" time="12.976"/>
</testsuite> <!-- lpack.ProductAdding -->
