<?xml version="1.0" encoding="UTF-8"?>
<!-- Generated by org.testng.reporters.JUnitReportReporter -->
<testsuite hostname="DESKTOP-HGIB5J6" failures="0" tests="1" name="lpack.SFunctionality" time="6.990" errors="0" timestamp="2024-08-07T18:01:37 IST" skipped="0">
  <testcase classname="lpack.SFunctionality" name="verifySearchFunctionality" time="6.990"/>
</testsuite> <!-- lpack.SFunctionality -->
