<?xml version="1.0" encoding="UTF-8"?>
<!-- Generated by org.testng.reporters.JUnitReportReporter -->
<testsuite hostname="DESKTOP-HGIB5J6" failures="0" tests="1" name="lpack.NewTest" time="10.977" errors="0" timestamp="2024-08-05T12:11:40 IST" skipped="0">
  <testcase classname="lpack.NewTest" name="verifyUserRegistration" time="10.977"/>
</testsuite> <!-- lpack.NewTest -->
